<?xml version="1.0" encoding="UTF-8"?>
<!-- Generated by org.testng.reporters.JUnitReportReporter -->
<testsuite hostname="Deepak" failures="0" tests="1" name="testScripts.FirstTest" time="0.033" errors="0" timestamp="2023-12-22T11:58:55 IST" skipped="0">
  <testcase classname="testScripts.FirstTest" name="demo1" time="0.033"/>
  <system-out/>
</testsuite> <!-- testScripts.FirstTest -->
