<?xml version="1.0" encoding="UTF-8"?>
<!-- Generated by org.testng.reporters.JUnitReportReporter -->
<testsuite hostname="Deepak" failures="0" tests="1" name="testScripts.FirstTest1" time="0.013" errors="0" timestamp="2025-03-18T23:35:58 IST" skipped="0">
  <testcase classname="testScripts.FirstTest1" name="demo" time="0.013"/>
  <system-out/>
</testsuite> <!-- testScripts.FirstTest1 -->
