<?xml version="1.0" encoding="UTF-8"?>
<!-- Generated by org.testng.reporters.JUnitReportReporter -->
<testsuite hostname="Deepak" failures="0" tests="1" name="testScripts.TestFirst3" time="0.043" errors="0" timestamp="2023-12-22T12:00:43 IST" skipped="0">
  <testcase classname="testScripts.TestFirst3" name="demo" time="0.043"/>
  <system-out/>
</testsuite> <!-- testScripts.TestFirst3 -->
