<?xml version="1.0" encoding="UTF-8"?>
<!-- Generated by org.testng.reporters.JUnitReportReporter -->
<testsuite hostname="Deepak" failures="0" tests="1" name="testScripts.LoginTest" time="2.788" errors="0" timestamp="2025-03-24T23:40:25 IST" skipped="0">
  <testcase classname="testScripts.LoginTest" name="verifyValidationMsgs" time="2.788"/>
  <system-out/>
</testsuite> <!-- testScripts.LoginTest -->
