<?xml version="1.0" encoding="UTF-8"?>
<!-- Generated by org.testng.reporters.JUnitReportReporter -->
<testsuite hostname="Deepak" failures="0" tests="1" name="testScripts.FisrtTest" time="0.011" errors="0" timestamp="2023-12-17T12:10:39 IST" skipped="0">
  <testcase classname="testScripts.FisrtTest" name="demo" time="0.011"/>
  <system-out/>
</testsuite> <!-- testScripts.FisrtTest -->
