<?xml version="1.0" encoding="UTF-8"?>
<!-- Generated by org.testng.reporters.JUnitReportReporter -->
<testsuite hostname="Deepak" failures="0" tests="1" name="testScripts.LoginTestPractice" time="3.363" errors="0" timestamp="2025-03-24T23:38:55 IST" skipped="0">
  <testcase classname="testScripts.LoginTestPractice" name="verifyValidationMsgs" time="3.363"/>
  <system-out/>
</testsuite> <!-- testScripts.LoginTestPractice -->
