<?xml version="1.0" encoding="UTF-8"?>
<!-- Generated by org.testng.reporters.JUnitReportReporter -->
<testsuite hostname="Deepak" failures="0" tests="1" name="testScripts.FirstTest2" time="0.003" errors="0" timestamp="2023-12-22T12:02:14 IST" skipped="0">
  <testcase classname="testScripts.FirstTest2" name="demo" time="0.003"/>
  <system-out/>
</testsuite> <!-- testScripts.FirstTest2 -->
