<?xml version="1.0" encoding="UTF-8"?>
<!-- Generated by org.testng.reporters.JUnitReportReporter -->
<testsuite hostname="Deepak" failures="0" tests="4" name="testScripts.LoginTestPractice" time="11.261" errors="0" timestamp="2025-03-25T11:39:18 IST" skipped="0">
  <testcase classname="testScripts.LoginTestPractice" name="verifyValidationMsgs" time="3.071"/>
  <system-out/>
  <testcase classname="testScripts.LoginTestPractice" name="verifyLoginDataDriven" time="2.102"/>
  <system-out/>
  <testcase classname="testScripts.LoginTestPractice" name="verifyLoginDataDriven" time="3.215"/>
  <system-out/>
  <testcase classname="testScripts.LoginTestPractice" name="loginFromPropertyValues" time="2.873"/>
  <system-out/>
</testsuite> <!-- testScripts.LoginTestPractice -->
